<?xml version="1.0" encoding="UTF-8"?>
<testsuite name="com.google.cloud.tools.dependencies.gradle.ExclusionFileFunctionalTest" tests="3" skipped="0" failures="0" errors="0" timestamp="2025-02-10T20:59:11" hostname="lawrenceqiu-macbookpro.roam.internal" time="8.949">
  <properties/>
  <testcase name="can suppress linkage errors listed in exclusion files (relative path)" classname="com.google.cloud.tools.dependencies.gradle.ExclusionFileFunctionalTest" time="5.745"/>
  <testcase name="can suppress linkage errors listed in exclusion files (absolute path)" classname="com.google.cloud.tools.dependencies.gradle.ExclusionFileFunctionalTest" time="2.029"/>
  <testcase name="can pass the build by suppressing all linkage errors" classname="com.google.cloud.tools.dependencies.gradle.ExclusionFileFunctionalTest" time="1.175"/>
  <system-out><![CDATA[]]></system-out>
  <system-err><![CDATA[]]></system-err>
</testsuite>
