<?xml version="1.0" encoding="UTF-8"?>
<testsuite name="com.google.cloud.tools.dependencies.gradle.BuildStatusFunctionalTest" tests="6" skipped="0" failures="0" errors="0" timestamp="2025-02-10T20:59:20" hostname="lawrenceqiu-macbookpro.roam.internal" time="8.266">
  <properties/>
  <testcase name="can validate a project with no dependency conflicts" classname="com.google.cloud.tools.dependencies.gradle.BuildStatusFunctionalTest" time="0.324"/>
  <testcase name="can invalidate incompatible dependencies in a project" classname="com.google.cloud.tools.dependencies.gradle.BuildStatusFunctionalTest" time="1.593"/>
  <testcase name="can handle artifacts with classifiers " classname="com.google.cloud.tools.dependencies.gradle.BuildStatusFunctionalTest" time="1.002"/>
  <testcase name="can handle artifacts with classifiers with transitive dependencies" classname="com.google.cloud.tools.dependencies.gradle.BuildStatusFunctionalTest" time="1.163"/>
  <testcase name="can suppress duplicate outputs on circular dependencies" classname="com.google.cloud.tools.dependencies.gradle.BuildStatusFunctionalTest" time="3.632"/>
  <testcase name="can handle artifacts with pom packaging" classname="com.google.cloud.tools.dependencies.gradle.BuildStatusFunctionalTest" time="0.551"/>
  <system-out><![CDATA[]]></system-out>
  <system-err><![CDATA[]]></system-err>
</testsuite>
